<?xml version="1.0" encoding="UTF-8"?>
<robot generator="Robot 4.1.3 (Python 3.7.5 on win32)" generated="20220121 11:07:47.062" rpa="false" schemaversion="2">
<suite id="s1" name="Robot Interactive Console" source="c:\Users\E1255593\.vscode\extensions\robocorp.robotframework-lsp-0.35.0\src\robotframework_ls\vendored\robotframework_interactive\robot_interactive_console.robot">
<test id="s1-t1" name="Default Task/Test">
<kw name="Interpreter Main Loop" library="MainLoop">
<status status="PASS" starttime="20220121 11:07:47.117" endtime="20220121 11:11:33.557"/>
</kw>
<status status="PASS" starttime="20220121 11:07:47.116" endtime="20220121 11:11:33.558"/>
</test>
<status status="PASS" starttime="20220121 11:07:47.066" endtime="20220121 11:11:33.559"/>
</suite>
<statistics>
<total>
<stat pass="1" fail="0" skip="0">All Tests</stat>
</total>
<tag>
</tag>
<suite>
<stat pass="1" fail="0" skip="0" id="s1" name="Robot Interactive Console">Robot Interactive Console</stat>
</suite>
</statistics>
<errors>
</errors>
</robot>
